{"D:\\Work\\ExpressJS\\my-todo-app\\src\\app.ts": {"path":"D:\\Work\\ExpressJS\\my-todo-app\\src\\app.ts","statementMap":{"0":{"start":{"line":1,"column":0},"end":{"line":1,"column":30}},"1":{"start":{"line":2,"column":0},"end":{"line":2,"column":45}},"2":{"start":{"line":3,"column":0},"end":{"line":3,"column":40}},"3":{"start":{"line":4,"column":0},"end":{"line":4,"column":45}},"4":{"start":{"line":5,"column":0},"end":{"line":5,"column":24}},"5":{"start":{"line":7,"column":12},"end":{"line":7,"column":21}},"6":{"start":{"line":8,"column":0},"end":{"line":8,"column":30}},"7":{"start":{"line":9,"column":0},"end":{"line":9,"column":null}},"8":{"start":{"line":10,"column":0},"end":{"line":10,"column":55}},"9":{"start":{"line":12,"column":0},"end":{"line":12,"column":24}},"10":{"start":{"line":14,"column":0},"end":{"line":14,"column":47}},"11":{"start":{"line":16,"column":0},"end":{"line":22,"column":4}},"12":{"start":{"line":17,"column":2},"end":{"line":21,"column":3}},"13":{"start":{"line":18,"column":19},"end":{"line":18,"column":35}},"14":{"start":{"line":19,"column":4},"end":{"line":19,"column":28}},"15":{"start":{"line":20,"column":4},"end":{"line":20,"column":18}},"16":{"start":{"line":24,"column":0},"end":{"line":24,"column":12}},"17":{"start":{"line":26,"column":0},"end":{"line":26,"column":null}},"18":{"start":{"line":28,"column":0},"end":{"line":28,"column":19}}},"fnMap":{"0":{"name":"(anonymous_1)","decl":{"start":{"line":16,"column":23},"end":{"line":16,"column":33}},"loc":{"start":{"line":16,"column":41},"end":{"line":22,"column":1}}}},"branchMap":{"0":{"loc":{"start":{"line":17,"column":2},"end":{"line":21,"column":3}},"type":"if","locations":[{"start":{"line":17,"column":2},"end":{"line":21,"column":3}},{"start":{},"end":{}}]},"1":{"loc":{"start":{"line":17,"column":6},"end":{"line":17,"column":71}},"type":"binary-expr","locations":[{"start":{"line":17,"column":6},"end":{"line":17,"column":14}},{"start":{"line":17,"column":18},"end":{"line":17,"column":46}},{"start":{"line":17,"column":50},"end":{"line":17,"column":71}}]}},"s":{"0":1,"1":1,"2":1,"3":1,"4":1,"5":1,"6":1,"7":1,"8":1,"9":1,"10":1,"11":1,"12":2,"13":0,"14":0,"15":0,"16":1,"17":1,"18":1},"f":{"0":2},"b":{"0":[0,2],"1":[2,2,2]}}
,"D:\\Work\\ExpressJS\\my-todo-app\\src\\config\\db.ts": {"path":"D:\\Work\\ExpressJS\\my-todo-app\\src\\config\\db.ts","statementMap":{"0":{"start":{"line":1,"column":0},"end":{"line":1,"column":32}},"1":{"start":{"line":3,"column":25},"end":{"line":11,"column":1}},"2":{"start":{"line":4,"column":4},"end":{"line":10,"column":5}},"3":{"start":{"line":5,"column":8},"end":{"line":5,"column":86}},"4":{"start":{"line":6,"column":8},"end":{"line":6,"column":55}},"5":{"start":{"line":8,"column":8},"end":{"line":8,"column":71}},"6":{"start":{"line":9,"column":8},"end":{"line":9,"column":24}},"7":{"start":{"line":3,"column":13},"end":{"line":3,"column":25}}},"fnMap":{"0":{"name":"(anonymous_1)","decl":{"start":{"line":3,"column":25},"end":{"line":3,"column":30}},"loc":{"start":{"line":3,"column":35},"end":{"line":11,"column":1}}}},"branchMap":{"0":{"loc":{"start":{"line":5,"column":31},"end":{"line":5,"column":84}},"type":"binary-expr","locations":[{"start":{"line":5,"column":31},"end":{"line":5,"column":52}},{"start":{"line":5,"column":56},"end":{"line":5,"column":84}}]}},"s":{"0":1,"1":1,"2":1,"3":1,"4":1,"5":0,"6":0,"7":1},"f":{"0":1},"b":{"0":[1,1]}}
,"D:\\Work\\ExpressJS\\my-todo-app\\src\\controllers\\ToDoController.ts": {"path":"D:\\Work\\ExpressJS\\my-todo-app\\src\\controllers\\ToDoController.ts","statementMap":{"0":{"start":{"line":2,"column":0},"end":{"line":2,"column":35}},"1":{"start":{"line":4,"column":24},"end":{"line":12,"column":1}},"2":{"start":{"line":5,"column":8},"end":{"line":11,"column":9}},"3":{"start":{"line":6,"column":26},"end":{"line":6,"column":43}},"4":{"start":{"line":7,"column":12},"end":{"line":7,"column":41}},"5":{"start":{"line":9,"column":12},"end":{"line":9,"column":null}},"6":{"start":{"line":10,"column":12},"end":{"line":10,"column":null}},"7":{"start":{"line":4,"column":13},"end":{"line":4,"column":24}},"8":{"start":{"line":14,"column":27},"end":{"line":24,"column":1}},"9":{"start":{"line":15,"column":19},"end":{"line":15,"column":32}},"10":{"start":{"line":16,"column":4},"end":{"line":23,"column":5}},"11":{"start":{"line":17,"column":21},"end":{"line":17,"column":48}},"12":{"start":{"line":18,"column":8},"end":{"line":18,"column":75}},"13":{"start":{"line":18,"column":18},"end":{"line":18,"column":75}},"14":{"start":{"line":19,"column":8},"end":{"line":19,"column":23}},"15":{"start":{"line":21,"column":8},"end":{"line":21,"column":65}},"16":{"start":{"line":22,"column":8},"end":{"line":22,"column":55}},"17":{"start":{"line":14,"column":13},"end":{"line":14,"column":27}},"18":{"start":{"line":26,"column":26},"end":{"line":41,"column":1}},"19":{"start":{"line":27,"column":44},"end":{"line":27,"column":52}},"20":{"start":{"line":28,"column":20},"end":{"line":28,"column":62}},"21":{"start":{"line":29,"column":4},"end":{"line":40,"column":5}},"22":{"start":{"line":30,"column":8},"end":{"line":33,"column":9}},"23":{"start":{"line":31,"column":12},"end":{"line":31,"column":45}},"24":{"start":{"line":32,"column":12},"end":{"line":32,"column":91}},"25":{"start":{"line":34,"column":8},"end":{"line":34,"column":29}},"26":{"start":{"line":35,"column":8},"end":{"line":35,"column":47}},"27":{"start":{"line":38,"column":8},"end":{"line":38,"column":68}},"28":{"start":{"line":39,"column":8},"end":{"line":39,"column":55}},"29":{"start":{"line":26,"column":13},"end":{"line":26,"column":26}},"30":{"start":{"line":43,"column":26},"end":{"line":53,"column":1}},"31":{"start":{"line":44,"column":4},"end":{"line":52,"column":5}},"32":{"start":{"line":45,"column":8},"end":{"line":45,"column":null}},"33":{"start":{"line":45,"column":27},"end":{"line":45,"column":null}},"34":{"start":{"line":46,"column":23},"end":{"line":46,"column":110}},"35":{"start":{"line":47,"column":8},"end":{"line":47,"column":47}},"36":{"start":{"line":50,"column":8},"end":{"line":50,"column":62}},"37":{"start":{"line":51,"column":8},"end":{"line":51,"column":55}},"38":{"start":{"line":43,"column":13},"end":{"line":43,"column":26}},"39":{"start":{"line":55,"column":26},"end":{"line":65,"column":1}},"40":{"start":{"line":56,"column":4},"end":{"line":64,"column":5}},"41":{"start":{"line":57,"column":23},"end":{"line":57,"column":36}},"42":{"start":{"line":58,"column":8},"end":{"line":58,"column":45}},"43":{"start":{"line":59,"column":8},"end":{"line":59,"column":75}},"44":{"start":{"line":59,"column":20},"end":{"line":59,"column":75}},"45":{"start":{"line":60,"column":8},"end":{"line":60,"column":35}},"46":{"start":{"line":62,"column":8},"end":{"line":62,"column":62}},"47":{"start":{"line":63,"column":8},"end":{"line":63,"column":55}},"48":{"start":{"line":55,"column":13},"end":{"line":55,"column":26}}},"fnMap":{"0":{"name":"(anonymous_1)","decl":{"start":{"line":4,"column":24},"end":{"line":4,"column":29}},"loc":{"start":{"line":4,"column":61},"end":{"line":12,"column":1}}},"1":{"name":"(anonymous_2)","decl":{"start":{"line":14,"column":27},"end":{"line":14,"column":32}},"loc":{"start":{"line":14,"column":64},"end":{"line":24,"column":1}}},"2":{"name":"(anonymous_3)","decl":{"start":{"line":26,"column":26},"end":{"line":26,"column":31}},"loc":{"start":{"line":26,"column":63},"end":{"line":41,"column":1}}},"3":{"name":"(anonymous_4)","decl":{"start":{"line":43,"column":26},"end":{"line":43,"column":31}},"loc":{"start":{"line":43,"column":63},"end":{"line":53,"column":1}}},"4":{"name":"(anonymous_5)","decl":{"start":{"line":55,"column":26},"end":{"line":55,"column":31}},"loc":{"start":{"line":55,"column":63},"end":{"line":65,"column":1}}}},"branchMap":{"0":{"loc":{"start":{"line":18,"column":8},"end":{"line":18,"column":75}},"type":"if","locations":[{"start":{"line":18,"column":8},"end":{"line":18,"column":75}},{"start":{},"end":{}}]},"1":{"loc":{"start":{"line":30,"column":8},"end":{"line":33,"column":9}},"type":"if","locations":[{"start":{"line":30,"column":8},"end":{"line":33,"column":9}},{"start":{},"end":{}}]},"2":{"loc":{"start":{"line":30,"column":11},"end":{"line":30,"column":33}},"type":"binary-expr","locations":[{"start":{"line":30,"column":11},"end":{"line":30,"column":17}},{"start":{"line":30,"column":21},"end":{"line":30,"column":33}}]},"3":{"loc":{"start":{"line":45,"column":8},"end":{"line":45,"column":null}},"type":"if","locations":[{"start":{"line":45,"column":8},"end":{"line":45,"column":null}},{"start":{},"end":{}}]},"4":{"loc":{"start":{"line":59,"column":8},"end":{"line":59,"column":75}},"type":"if","locations":[{"start":{"line":59,"column":8},"end":{"line":59,"column":75}},{"start":{},"end":{}}]}},"s":{"0":1,"1":1,"2":0,"3":0,"4":0,"5":0,"6":0,"7":1,"8":1,"9":0,"10":0,"11":0,"12":0,"13":0,"14":0,"15":0,"16":0,"17":1,"18":1,"19":2,"20":2,"21":2,"22":2,"23":1,"24":1,"25":1,"26":1,"27":0,"28":0,"29":1,"30":1,"31":0,"32":0,"33":0,"34":0,"35":0,"36":0,"37":0,"38":1,"39":1,"40":0,"41":0,"42":0,"43":0,"44":0,"45":0,"46":0,"47":0,"48":1},"f":{"0":0,"1":0,"2":2,"3":0,"4":0},"b":{"0":[0,0],"1":[1,1],"2":[2,1],"3":[0,0],"4":[0,0]}}
,"D:\\Work\\ExpressJS\\my-todo-app\\src\\models\\Todo.ts": {"path":"D:\\Work\\ExpressJS\\my-todo-app\\src\\models\\Todo.ts","statementMap":{"0":{"start":{"line":1,"column":0},"end":{"line":1,"column":51}},"1":{"start":{"line":13,"column":19},"end":{"line":19,"column":2}},"2":{"start":{"line":21,"column":13},"end":{"line":21,"column":45}},"3":{"start":{"line":23,"column":0},"end":{"line":23,"column":20}}},"fnMap":{},"branchMap":{},"s":{"0":1,"1":1,"2":1,"3":1},"f":{},"b":{}}
,"D:\\Work\\ExpressJS\\my-todo-app\\src\\routes\\toDoRoutes.ts": {"path":"D:\\Work\\ExpressJS\\my-todo-app\\src\\routes\\toDoRoutes.ts","statementMap":{"0":{"start":{"line":1,"column":0},"end":{"line":1,"column":33}},"1":{"start":{"line":2,"column":0},"end":{"line":2,"column":106}},"2":{"start":{"line":4,"column":15},"end":{"line":4,"column":23}},"3":{"start":{"line":6,"column":0},"end":{"line":6,"column":26}},"4":{"start":{"line":7,"column":0},"end":{"line":7,"column":32}},"5":{"start":{"line":8,"column":0},"end":{"line":8,"column":35}},"6":{"start":{"line":9,"column":0},"end":{"line":9,"column":31}},"7":{"start":{"line":10,"column":0},"end":{"line":10,"column":34}},"8":{"start":{"line":12,"column":0},"end":{"line":12,"column":22}}},"fnMap":{},"branchMap":{},"s":{"0":1,"1":1,"2":1,"3":1,"4":1,"5":1,"6":1,"7":1,"8":1},"f":{},"b":{}}
}
